[2020-09-02 12:44:14] app.ERROR: Data from PrestaShop Addons is invalid, and cannot fallback on cache.  {"exception":"Client error response [url] https://api-addons.prestashop.com?format=json&iso_lang=fr&iso_code=BE&version=1.7.6.7&shop_url&method=listing&action=customer&username=&password= [status code] 400 [reason phrase] Bad Request"} []
[2020-09-02 12:44:15] app.INFO: Protect vendor folder in module contactform [] []
[2020-09-02 12:44:15] app.INFO: Module contactform has no vendor folder [] []
[2020-09-02 12:44:15] app.INFO: Protect vendor folder in module dashactivity [] []
[2020-09-02 12:44:15] app.INFO: Module dashactivity has no vendor folder [] []
[2020-09-02 12:44:15] app.INFO: Protect vendor folder in module dashtrends [] []
[2020-09-02 12:44:15] app.INFO: Module dashtrends has no vendor folder [] []
[2020-09-02 12:44:16] app.INFO: Protect vendor folder in module dashgoals [] []
[2020-09-02 12:44:16] app.INFO: Module dashgoals has no vendor folder [] []
[2020-09-02 12:44:16] app.INFO: Protect vendor folder in module dashproducts [] []
[2020-09-02 12:44:16] app.INFO: Module dashproducts has no vendor folder [] []
[2020-09-02 12:44:16] app.INFO: Protect vendor folder in module graphnvd3 [] []
[2020-09-02 12:44:16] app.INFO: Module graphnvd3 has no vendor folder [] []
[2020-09-02 12:44:16] app.INFO: Protect vendor folder in module gridhtml [] []
[2020-09-02 12:44:16] app.INFO: Module gridhtml has no vendor folder [] []
[2020-09-02 12:44:16] app.INFO: Protect vendor folder in module gsitemap [] []
[2020-09-02 12:44:16] app.INFO: Module gsitemap has no vendor folder [] []
[2020-09-02 12:44:16] app.INFO: Protect vendor folder in module ps_banner [] []
[2020-09-02 12:44:16] app.INFO: Module ps_banner has no vendor folder [] []
[2020-09-02 12:44:16] app.INFO: Protect vendor folder in module ps_categorytree [] []
[2020-09-02 12:44:16] app.INFO: Module ps_categorytree has no vendor folder [] []
[2020-09-02 12:44:16] app.INFO: Protect vendor folder in module ps_checkpayment [] []
[2020-09-02 12:44:17] app.INFO: Module ps_checkpayment has no vendor folder [] []
[2020-09-02 12:44:17] app.INFO: Protect vendor folder in module ps_contactinfo [] []
[2020-09-02 12:44:17] app.INFO: Module ps_contactinfo has no vendor folder [] []
[2020-09-02 12:44:17] app.INFO: Protect vendor folder in module ps_currencyselector [] []
[2020-09-02 12:44:17] app.INFO: Module ps_currencyselector has no vendor folder [] []
[2020-09-02 12:44:17] app.INFO: Protect vendor folder in module ps_customeraccountlinks [] []
[2020-09-02 12:44:17] app.INFO: Module ps_customeraccountlinks has no vendor folder [] []
[2020-09-02 12:44:17] app.INFO: Protect vendor folder in module ps_customersignin [] []
[2020-09-02 12:44:17] app.INFO: Module ps_customersignin has no vendor folder [] []
[2020-09-02 12:44:17] app.INFO: Protect vendor folder in module ps_customtext [] []
[2020-09-02 12:44:17] app.INFO: Module ps_customtext has no vendor folder [] []
[2020-09-02 12:44:17] app.INFO: Protect vendor folder in module ps_emailsubscription [] []
[2020-09-02 12:44:17] app.INFO: Module ps_emailsubscription has no vendor folder [] []
[2020-09-02 12:44:18] app.INFO: Protect vendor folder in module ps_facetedsearch [] []
[2020-09-02 12:44:18] app.INFO: Module ps_facetedsearch has no vendor folder [] []
[2020-09-02 12:44:18] app.INFO: Protect vendor folder in module ps_faviconnotificationbo [] []
[2020-09-02 12:44:18] app.INFO: Module ps_faviconnotificationbo has no vendor folder [] []
[2020-09-02 12:44:19] app.INFO: Protect vendor folder in module ps_featuredproducts [] []
[2020-09-02 12:44:19] app.INFO: Module ps_featuredproducts has no vendor folder [] []
[2020-09-02 12:44:19] app.INFO: Protect vendor folder in module ps_imageslider [] []
[2020-09-02 12:44:19] app.INFO: Module ps_imageslider has no vendor folder [] []
[2020-09-02 12:44:19] app.INFO: Protect vendor folder in module ps_languageselector [] []
[2020-09-02 12:44:19] app.INFO: Module ps_languageselector has no vendor folder [] []
[2020-09-02 12:44:19] app.INFO: Protect vendor folder in module ps_linklist [] []
[2020-09-02 12:44:19] app.INFO: Module ps_linklist has no vendor folder [] []
[2020-09-02 12:44:19] app.ERROR: Class "AdminLinkWidgetController" not found in controllers/admin [] []
[2020-09-02 12:44:20] app.INFO: Protect vendor folder in module ps_mainmenu [] []
[2020-09-02 12:44:20] app.INFO: Module ps_mainmenu has no vendor folder [] []
[2020-09-02 12:44:20] app.INFO: Protect vendor folder in module ps_searchbar [] []
[2020-09-02 12:44:20] app.INFO: Module ps_searchbar has no vendor folder [] []
[2020-09-02 12:44:20] app.INFO: Protect vendor folder in module ps_sharebuttons [] []
[2020-09-02 12:44:20] app.INFO: Module ps_sharebuttons has no vendor folder [] []
[2020-09-02 12:44:20] app.INFO: Protect vendor folder in module ps_shoppingcart [] []
[2020-09-02 12:44:20] app.INFO: Module ps_shoppingcart has no vendor folder [] []
[2020-09-02 12:44:20] app.INFO: Protect vendor folder in module ps_socialfollow [] []
[2020-09-02 12:44:20] app.INFO: Module ps_socialfollow has no vendor folder [] []
[2020-09-02 12:44:20] app.INFO: Protect vendor folder in module ps_themecusto [] []
[2020-09-02 12:44:20] app.INFO: Module ps_themecusto has no vendor folder [] []
[2020-09-02 12:44:20] app.INFO: Protect vendor folder in module ps_wirepayment [] []
[2020-09-02 12:44:20] app.INFO: Module ps_wirepayment has no vendor folder [] []
[2020-09-02 12:44:20] app.INFO: Protect vendor folder in module pagesnotfound [] []
[2020-09-02 12:44:20] app.INFO: Module pagesnotfound has no vendor folder [] []
[2020-09-02 12:44:20] app.INFO: Protect vendor folder in module sekeywords [] []
[2020-09-02 12:44:21] app.INFO: Module sekeywords has no vendor folder [] []
[2020-09-02 12:44:21] app.INFO: Protect vendor folder in module statsbestcategories [] []
[2020-09-02 12:44:21] app.INFO: Module statsbestcategories has no vendor folder [] []
[2020-09-02 12:44:21] app.INFO: Protect vendor folder in module statsbestcustomers [] []
[2020-09-02 12:44:21] app.INFO: Module statsbestcustomers has no vendor folder [] []
[2020-09-02 12:44:21] app.INFO: Protect vendor folder in module statsbestproducts [] []
[2020-09-02 12:44:21] app.INFO: Module statsbestproducts has no vendor folder [] []
[2020-09-02 12:44:21] app.INFO: Protect vendor folder in module statsbestsuppliers [] []
[2020-09-02 12:44:21] app.INFO: Module statsbestsuppliers has no vendor folder [] []
[2020-09-02 12:44:21] app.INFO: Protect vendor folder in module statsbestvouchers [] []
[2020-09-02 12:44:21] app.INFO: Module statsbestvouchers has no vendor folder [] []
[2020-09-02 12:44:21] app.INFO: Protect vendor folder in module statscarrier [] []
[2020-09-02 12:44:21] app.INFO: Module statscarrier has no vendor folder [] []
[2020-09-02 12:44:21] app.INFO: Protect vendor folder in module statscatalog [] []
[2020-09-02 12:44:21] app.INFO: Module statscatalog has no vendor folder [] []
[2020-09-02 12:44:21] app.INFO: Protect vendor folder in module statscheckup [] []
[2020-09-02 12:44:21] app.INFO: Module statscheckup has no vendor folder [] []
[2020-09-02 12:44:21] app.INFO: Protect vendor folder in module statsdata [] []
[2020-09-02 12:44:21] app.INFO: Module statsdata has no vendor folder [] []
[2020-09-02 12:44:21] app.INFO: Protect vendor folder in module statsequipment [] []
[2020-09-02 12:44:21] app.INFO: Module statsequipment has no vendor folder [] []
[2020-09-02 12:44:21] app.INFO: Protect vendor folder in module statsforecast [] []
[2020-09-02 12:44:21] app.INFO: Module statsforecast has no vendor folder [] []
[2020-09-02 12:44:21] app.INFO: Protect vendor folder in module statslive [] []
[2020-09-02 12:44:21] app.INFO: Module statslive has no vendor folder [] []
[2020-09-02 12:44:21] app.INFO: Protect vendor folder in module statsnewsletter [] []
[2020-09-02 12:44:21] app.INFO: Module statsnewsletter has no vendor folder [] []
[2020-09-02 12:44:21] app.INFO: Protect vendor folder in module statsorigin [] []
[2020-09-02 12:44:21] app.INFO: Module statsorigin has no vendor folder [] []
[2020-09-02 12:44:21] app.INFO: Protect vendor folder in module statspersonalinfos [] []
[2020-09-02 12:44:21] app.INFO: Module statspersonalinfos has no vendor folder [] []
[2020-09-02 12:44:22] app.INFO: Protect vendor folder in module statsproduct [] []
[2020-09-02 12:44:22] app.INFO: Module statsproduct has no vendor folder [] []
[2020-09-02 12:44:22] app.INFO: Protect vendor folder in module statsregistrations [] []
[2020-09-02 12:44:22] app.INFO: Module statsregistrations has no vendor folder [] []
[2020-09-02 12:44:22] app.INFO: Protect vendor folder in module statssales [] []
[2020-09-02 12:44:22] app.INFO: Module statssales has no vendor folder [] []
[2020-09-02 12:44:22] app.INFO: Protect vendor folder in module statssearch [] []
[2020-09-02 12:44:22] app.INFO: Module statssearch has no vendor folder [] []
[2020-09-02 12:44:22] app.INFO: Protect vendor folder in module statsstock [] []
[2020-09-02 12:44:22] app.INFO: Module statsstock has no vendor folder [] []
[2020-09-02 12:44:22] app.INFO: Protect vendor folder in module statsvisits [] []
[2020-09-02 12:44:22] app.INFO: Module statsvisits has no vendor folder [] []
[2020-09-02 12:44:22] app.INFO: Protect vendor folder in module welcome [] []
[2020-09-02 12:44:24] app.INFO: Exporting mail with theme modern for language Français (French) [] []
[2020-09-02 12:44:24] app.INFO: Core output folder: C:\xampp\htdocs\myShop/mails [] []
[2020-09-02 12:44:24] app.INFO: Modules output folder: C:\xampp\htdocs\myShop/modules/ [] []
[2020-09-02 12:44:27] app.INFO: Exporting mail with theme modern for language Deutsch (German) [] []
[2020-09-02 12:44:27] app.INFO: Core output folder: C:\xampp\htdocs\myShop/mails [] []
[2020-09-02 12:44:27] app.INFO: Modules output folder: C:\xampp\htdocs\myShop/modules/ [] []
[2020-09-02 12:44:29] app.INFO: Exporting mail with theme modern for language Nederlands (Dutch) [] []
[2020-09-02 12:44:29] app.INFO: Core output folder: C:\xampp\htdocs\myShop/mails [] []
[2020-09-02 12:44:29] app.INFO: Modules output folder: C:\xampp\htdocs\myShop/modules/ [] []
[2020-09-02 12:45:19] app.ERROR: Data from PrestaShop Addons is invalid, and cannot fallback on cache.  {"exception":"Client error response [url] https://api-addons.prestashop.com?format=json&iso_lang=fr&iso_code=BE&version=1.7.6.7&shop_url&method=listing&action=customer&username=&password= [status code] 400 [reason phrase] Bad Request"} []
[2020-09-02 12:45:19] app.INFO: Protect vendor folder in module gamification [] []
[2020-09-02 12:45:20] app.INFO: Protect vendor folder in module emarketing [] []
[2020-09-02 12:45:20] app.INFO: Protect vendor folder in module psaddonsconnect [] []
[2020-09-02 12:45:20] app.INFO: Protect vendor folder in module psgdpr [] []
[2020-09-02 12:45:20] app.INFO: Protect vendor folder in module ps_mbo [] []
[2020-09-02 12:45:20] app.INFO: Protect vendor folder in module ps_buybuttonlite [] []
[2020-09-02 12:45:26] app.INFO: Exporting mail with theme modern for language Français (French) [] []
[2020-09-02 12:45:26] app.INFO: Core output folder: C:\xampp\htdocs\myShop/mails [] []
[2020-09-02 12:45:26] app.INFO: Modules output folder: C:\xampp\htdocs\myShop/modules/ [] []
[2020-09-02 12:45:31] app.INFO: Exporting mail with theme modern for language Deutsch (German) [] []
[2020-09-02 12:45:31] app.INFO: Core output folder: C:\xampp\htdocs\myShop/mails [] []
[2020-09-02 12:45:31] app.INFO: Modules output folder: C:\xampp\htdocs\myShop/modules/ [] []
[2020-09-02 12:45:36] app.INFO: Exporting mail with theme modern for language Nederlands (Dutch) [] []
[2020-09-02 12:45:36] app.INFO: Core output folder: C:\xampp\htdocs\myShop/mails [] []
[2020-09-02 12:45:36] app.INFO: Modules output folder: C:\xampp\htdocs\myShop/modules/ [] []
[2020-09-02 12:46:04] app.ERROR: Data from PrestaShop Addons is invalid, and cannot fallback on cache.  {"exception":"Client error response [url] https://api-addons.prestashop.com?format=json&iso_lang=fr&iso_code=BE&version=1.7.6.7&shop_url&method=listing&action=customer&username=&password= [status code] 400 [reason phrase] Bad Request"} []
[2020-09-02 12:46:04] app.INFO: Protect vendor folder in module blockreassurance [] []
[2020-09-02 12:46:04] app.INFO: Module blockreassurance has no vendor folder [] []
[2020-09-02 12:46:52] app.ERROR: Data from PrestaShop Addons is invalid, and cannot fallback on cache.  {"exception":"Client error response [url] https://api-addons.prestashop.com?format=json&iso_lang=fr&iso_code=BE&version=1.7.6.7&shop_url&method=listing&action=customer&username=&password= [status code] 400 [reason phrase] Bad Request"} []
[2020-09-02 12:46:54] app.INFO: Protect vendor folder in module ps_facetedsearch [] []
[2020-09-02 12:46:54] app.INFO: Module ps_facetedsearch has no vendor folder [] []
[2020-09-02 14:18:35] request.INFO: Matched route "admin_system_information_check_files". {"route":"admin_system_information_check_files","route_parameters":{"_controller":"PrestaShopBundle\\Controller\\Admin\\Configure\\AdvancedParameters\\SystemInformationController::displayCheckFilesAction","_legacy_controller":"AdminInformation","_legacy_link":"AdminInformation:checkFiles","_route":"admin_system_information_check_files"},"request_uri":"http://localhost/myShop/admin/index.php/configure/advanced/system-information/files?_token=0IOfWs7VW64sws8EQq0YvwRjmxKVIBJ120DNN94q7qw","method":"POST"} []
[2020-09-02 14:18:35] security.DEBUG: Read existing security token from the session. {"key":"_security_main","token_class":"Symfony\\Component\\Security\\Core\\Authentication\\Token\\UsernamePasswordToken"} []
[2020-09-02 14:18:35] security.DEBUG: User was reloaded from a user provider. {"provider":"PrestaShopBundle\\Security\\Admin\\EmployeeProvider","username":"pierre.urbain@protonmail.com"} []
[2020-09-02 14:20:35] request.CRITICAL: Uncaught PHP Exception Symfony\Component\Debug\Exception\FatalErrorException: "Error: Maximum execution time of 120 seconds exceeded" at C:\xampp\htdocs\myShop\src\Adapter\Requirement\CheckMissingOrUpdatedFiles.php line 71 {"exception":"[object] (Symfony\\Component\\Debug\\Exception\\FatalErrorException(code: 0): Error: Maximum execution time of 120 seconds exceeded at C:\\xampp\\htdocs\\myShop\\src\\Adapter\\Requirement\\CheckMissingOrUpdatedFiles.php:71)"} []
[2020-09-02 14:20:35] security.DEBUG: Stored the security token in the session. {"key":"_security_main"} []
[2020-09-02 14:20:35] request.CRITICAL: Uncaught PHP Exception Symfony\Component\Debug\Exception\FatalErrorException: "Error: Maximum execution time of 120 seconds exceeded" at C:\xampp\htdocs\myShop\vendor\symfony\symfony\src\Symfony\Component\HttpFoundation\Session\Storage\Handler\StrictSessionHandler.php line 48 {"exception":"[object] (Symfony\\Component\\Debug\\Exception\\FatalErrorException(code: 0): Error: Maximum execution time of 120 seconds exceeded at C:\\xampp\\htdocs\\myShop\\vendor\\symfony\\symfony\\src\\Symfony\\Component\\HttpFoundation\\Session\\Storage\\Handler\\StrictSessionHandler.php:48)"} []
